2013/09/09 22:36:44 [error] [exception.CException] exception 'CException' with message 'Alias "ext.bootstrap.components.Bootstrap" is invalid. Make sure it points to an existing PHP file and the file is readable.' in /var/www/apps.geeklifeclub/stream/yii-1.1.14/framework/YiiBase.php:322
Stack trace:
#0 /var/www/apps.geeklifeclub/stream/yii-1.1.14/framework/YiiBase.php(196): YiiBase::import('ext.bootstrap.c...', true)
#1 /var/www/apps.geeklifeclub/stream/yii-1.1.14/framework/base/CModule.php(386): YiiBase::createComponent(Array)
#2 /var/www/apps.geeklifeclub/stream/yii-1.1.14/framework/base/CModule.php(523): CModule->getComponent('bootstrap')
#3 /var/www/apps.geeklifeclub/stream/yii-1.1.14/framework/base/CApplication.php(163): CModule->preloadComponents()
#4 /var/www/apps.geeklifeclub/stream/yii-1.1.14/framework/YiiBase.php(125): CApplication->__construct('/var/www/apps.g...')
#5 /var/www/apps.geeklifeclub/stream/yii-1.1.14/framework/YiiBase.php(98): YiiBase::createApplication('CWebApplication', '/var/www/apps.g...')
#6 /var/www/apps.geeklifeclub/stream/app/index.php(13): YiiBase::createWebApplication('/var/www/apps.g...')
#7 {main}
REQUEST_URI=/
---
2013/09/09 22:37:58 [error] [exception.CException] exception 'CException' with message 'Property "Bootstrap.responsiveCss" is not defined.' in /var/www/apps.geeklifeclub/stream/yii-1.1.14/framework/base/CComponent.php:173
Stack trace:
#0 /var/www/apps.geeklifeclub/stream/yii-1.1.14/framework/YiiBase.php(220): CComponent->__set('responsiveCss', true)
#1 /var/www/apps.geeklifeclub/stream/yii-1.1.14/framework/base/CModule.php(386): YiiBase::createComponent(Array)
#2 /var/www/apps.geeklifeclub/stream/yii-1.1.14/framework/base/CModule.php(523): CModule->getComponent('bootstrap')
#3 /var/www/apps.geeklifeclub/stream/yii-1.1.14/framework/base/CApplication.php(163): CModule->preloadComponents()
#4 /var/www/apps.geeklifeclub/stream/yii-1.1.14/framework/YiiBase.php(125): CApplication->__construct('/var/www/apps.g...')
#5 /var/www/apps.geeklifeclub/stream/yii-1.1.14/framework/YiiBase.php(98): YiiBase::createApplication('CWebApplication', '/var/www/apps.g...')
#6 /var/www/apps.geeklifeclub/stream/app/index.php(13): YiiBase::createWebApplication('/var/www/apps.g...')
#7 {main}
REQUEST_URI=/
---
2013/09/09 22:38:11 [error] [exception.CException] exception 'CException' with message 'Property "Bootstrap.responsiveCss" is not defined.' in /var/www/apps.geeklifeclub/stream/yii-1.1.14/framework/base/CComponent.php:173
Stack trace:
#0 /var/www/apps.geeklifeclub/stream/yii-1.1.14/framework/YiiBase.php(220): CComponent->__set('responsiveCss', true)
#1 /var/www/apps.geeklifeclub/stream/yii-1.1.14/framework/base/CModule.php(386): YiiBase::createComponent(Array)
#2 /var/www/apps.geeklifeclub/stream/yii-1.1.14/framework/base/CModule.php(523): CModule->getComponent('bootstrap')
#3 /var/www/apps.geeklifeclub/stream/yii-1.1.14/framework/base/CApplication.php(163): CModule->preloadComponents()
#4 /var/www/apps.geeklifeclub/stream/yii-1.1.14/framework/YiiBase.php(125): CApplication->__construct('/var/www/apps.g...')
#5 /var/www/apps.geeklifeclub/stream/yii-1.1.14/framework/YiiBase.php(98): YiiBase::createApplication('CWebApplication', '/var/www/apps.g...')
#6 /var/www/apps.geeklifeclub/stream/app/index.php(13): YiiBase::createWebApplication('/var/www/apps.g...')
#7 {main}
REQUEST_URI=/
---
2013/09/09 22:38:11 [error] [exception.CException] exception 'CException' with message 'Property "Bootstrap.responsiveCss" is not defined.' in /var/www/apps.geeklifeclub/stream/yii-1.1.14/framework/base/CComponent.php:173
Stack trace:
#0 /var/www/apps.geeklifeclub/stream/yii-1.1.14/framework/YiiBase.php(220): CComponent->__set('responsiveCss', true)
#1 /var/www/apps.geeklifeclub/stream/yii-1.1.14/framework/base/CModule.php(386): YiiBase::createComponent(Array)
#2 /var/www/apps.geeklifeclub/stream/yii-1.1.14/framework/base/CModule.php(523): CModule->getComponent('bootstrap')
#3 /var/www/apps.geeklifeclub/stream/yii-1.1.14/framework/base/CApplication.php(163): CModule->preloadComponents()
#4 /var/www/apps.geeklifeclub/stream/yii-1.1.14/framework/YiiBase.php(125): CApplication->__construct('/var/www/apps.g...')
#5 /var/www/apps.geeklifeclub/stream/yii-1.1.14/framework/YiiBase.php(98): YiiBase::createApplication('CWebApplication', '/var/www/apps.g...')
#6 /var/www/apps.geeklifeclub/stream/app/index.php(13): YiiBase::createWebApplication('/var/www/apps.g...')
#7 {main}
REQUEST_URI=/
---
2013/09/09 22:38:12 [error] [exception.CException] exception 'CException' with message 'Property "Bootstrap.responsiveCss" is not defined.' in /var/www/apps.geeklifeclub/stream/yii-1.1.14/framework/base/CComponent.php:173
Stack trace:
#0 /var/www/apps.geeklifeclub/stream/yii-1.1.14/framework/YiiBase.php(220): CComponent->__set('responsiveCss', true)
#1 /var/www/apps.geeklifeclub/stream/yii-1.1.14/framework/base/CModule.php(386): YiiBase::createComponent(Array)
#2 /var/www/apps.geeklifeclub/stream/yii-1.1.14/framework/base/CModule.php(523): CModule->getComponent('bootstrap')
#3 /var/www/apps.geeklifeclub/stream/yii-1.1.14/framework/base/CApplication.php(163): CModule->preloadComponents()
#4 /var/www/apps.geeklifeclub/stream/yii-1.1.14/framework/YiiBase.php(125): CApplication->__construct('/var/www/apps.g...')
#5 /var/www/apps.geeklifeclub/stream/yii-1.1.14/framework/YiiBase.php(98): YiiBase::createApplication('CWebApplication', '/var/www/apps.g...')
#6 /var/www/apps.geeklifeclub/stream/app/index.php(13): YiiBase::createWebApplication('/var/www/apps.g...')
#7 {main}
REQUEST_URI=/
---
2013/09/09 22:38:12 [error] [exception.CException] exception 'CException' with message 'Property "Bootstrap.responsiveCss" is not defined.' in /var/www/apps.geeklifeclub/stream/yii-1.1.14/framework/base/CComponent.php:173
Stack trace:
#0 /var/www/apps.geeklifeclub/stream/yii-1.1.14/framework/YiiBase.php(220): CComponent->__set('responsiveCss', true)
#1 /var/www/apps.geeklifeclub/stream/yii-1.1.14/framework/base/CModule.php(386): YiiBase::createComponent(Array)
#2 /var/www/apps.geeklifeclub/stream/yii-1.1.14/framework/base/CModule.php(523): CModule->getComponent('bootstrap')
#3 /var/www/apps.geeklifeclub/stream/yii-1.1.14/framework/base/CApplication.php(163): CModule->preloadComponents()
#4 /var/www/apps.geeklifeclub/stream/yii-1.1.14/framework/YiiBase.php(125): CApplication->__construct('/var/www/apps.g...')
#5 /var/www/apps.geeklifeclub/stream/yii-1.1.14/framework/YiiBase.php(98): YiiBase::createApplication('CWebApplication', '/var/www/apps.g...')
#6 /var/www/apps.geeklifeclub/stream/app/index.php(13): YiiBase::createWebApplication('/var/www/apps.g...')
#7 {main}
REQUEST_URI=/
---
2013/09/09 22:38:12 [error] [exception.CException] exception 'CException' with message 'Property "Bootstrap.responsiveCss" is not defined.' in /var/www/apps.geeklifeclub/stream/yii-1.1.14/framework/base/CComponent.php:173
Stack trace:
#0 /var/www/apps.geeklifeclub/stream/yii-1.1.14/framework/YiiBase.php(220): CComponent->__set('responsiveCss', true)
#1 /var/www/apps.geeklifeclub/stream/yii-1.1.14/framework/base/CModule.php(386): YiiBase::createComponent(Array)
#2 /var/www/apps.geeklifeclub/stream/yii-1.1.14/framework/base/CModule.php(523): CModule->getComponent('bootstrap')
#3 /var/www/apps.geeklifeclub/stream/yii-1.1.14/framework/base/CApplication.php(163): CModule->preloadComponents()
#4 /var/www/apps.geeklifeclub/stream/yii-1.1.14/framework/YiiBase.php(125): CApplication->__construct('/var/www/apps.g...')
#5 /var/www/apps.geeklifeclub/stream/yii-1.1.14/framework/YiiBase.php(98): YiiBase::createApplication('CWebApplication', '/var/www/apps.g...')
#6 /var/www/apps.geeklifeclub/stream/app/index.php(13): YiiBase::createWebApplication('/var/www/apps.g...')
#7 {main}
REQUEST_URI=/
---
2013/09/09 22:38:12 [error] [exception.CException] exception 'CException' with message 'Property "Bootstrap.responsiveCss" is not defined.' in /var/www/apps.geeklifeclub/stream/yii-1.1.14/framework/base/CComponent.php:173
Stack trace:
#0 /var/www/apps.geeklifeclub/stream/yii-1.1.14/framework/YiiBase.php(220): CComponent->__set('responsiveCss', true)
#1 /var/www/apps.geeklifeclub/stream/yii-1.1.14/framework/base/CModule.php(386): YiiBase::createComponent(Array)
#2 /var/www/apps.geeklifeclub/stream/yii-1.1.14/framework/base/CModule.php(523): CModule->getComponent('bootstrap')
#3 /var/www/apps.geeklifeclub/stream/yii-1.1.14/framework/base/CApplication.php(163): CModule->preloadComponents()
#4 /var/www/apps.geeklifeclub/stream/yii-1.1.14/framework/YiiBase.php(125): CApplication->__construct('/var/www/apps.g...')
#5 /var/www/apps.geeklifeclub/stream/yii-1.1.14/framework/YiiBase.php(98): YiiBase::createApplication('CWebApplication', '/var/www/apps.g...')
#6 /var/www/apps.geeklifeclub/stream/app/index.php(13): YiiBase::createWebApplication('/var/www/apps.g...')
#7 {main}
REQUEST_URI=/
---
2013/09/09 22:38:12 [error] [exception.CException] exception 'CException' with message 'Property "Bootstrap.responsiveCss" is not defined.' in /var/www/apps.geeklifeclub/stream/yii-1.1.14/framework/base/CComponent.php:173
Stack trace:
#0 /var/www/apps.geeklifeclub/stream/yii-1.1.14/framework/YiiBase.php(220): CComponent->__set('responsiveCss', true)
#1 /var/www/apps.geeklifeclub/stream/yii-1.1.14/framework/base/CModule.php(386): YiiBase::createComponent(Array)
#2 /var/www/apps.geeklifeclub/stream/yii-1.1.14/framework/base/CModule.php(523): CModule->getComponent('bootstrap')
#3 /var/www/apps.geeklifeclub/stream/yii-1.1.14/framework/base/CApplication.php(163): CModule->preloadComponents()
#4 /var/www/apps.geeklifeclub/stream/yii-1.1.14/framework/YiiBase.php(125): CApplication->__construct('/var/www/apps.g...')
#5 /var/www/apps.geeklifeclub/stream/yii-1.1.14/framework/YiiBase.php(98): YiiBase::createApplication('CWebApplication', '/var/www/apps.g...')
#6 /var/www/apps.geeklifeclub/stream/app/index.php(13): YiiBase::createWebApplication('/var/www/apps.g...')
#7 {main}
REQUEST_URI=/
---
2013/09/09 22:38:13 [error] [exception.CException] exception 'CException' with message 'Property "Bootstrap.responsiveCss" is not defined.' in /var/www/apps.geeklifeclub/stream/yii-1.1.14/framework/base/CComponent.php:173
Stack trace:
#0 /var/www/apps.geeklifeclub/stream/yii-1.1.14/framework/YiiBase.php(220): CComponent->__set('responsiveCss', true)
#1 /var/www/apps.geeklifeclub/stream/yii-1.1.14/framework/base/CModule.php(386): YiiBase::createComponent(Array)
#2 /var/www/apps.geeklifeclub/stream/yii-1.1.14/framework/base/CModule.php(523): CModule->getComponent('bootstrap')
#3 /var/www/apps.geeklifeclub/stream/yii-1.1.14/framework/base/CApplication.php(163): CModule->preloadComponents()
#4 /var/www/apps.geeklifeclub/stream/yii-1.1.14/framework/YiiBase.php(125): CApplication->__construct('/var/www/apps.g...')
#5 /var/www/apps.geeklifeclub/stream/yii-1.1.14/framework/YiiBase.php(98): YiiBase::createApplication('CWebApplication', '/var/www/apps.g...')
#6 /var/www/apps.geeklifeclub/stream/app/index.php(13): YiiBase::createWebApplication('/var/www/apps.g...')
#7 {main}
REQUEST_URI=/
---
2013/09/09 22:41:29 [error] [exception.CException] exception 'CException' with message 'Alias "ext.yii-bootstrap.components.Bootstrap" is invalid. Make sure it points to an existing PHP file and the file is readable.' in /var/www/apps.geeklifeclub/stream/yii-1.1.14/framework/YiiBase.php:322
Stack trace:
#0 /var/www/apps.geeklifeclub/stream/yii-1.1.14/framework/YiiBase.php(196): YiiBase::import('ext.yii-bootstr...', true)
#1 /var/www/apps.geeklifeclub/stream/yii-1.1.14/framework/base/CModule.php(386): YiiBase::createComponent(Array)
#2 /var/www/apps.geeklifeclub/stream/yii-1.1.14/framework/base/CModule.php(523): CModule->getComponent('bootstrap')
#3 /var/www/apps.geeklifeclub/stream/yii-1.1.14/framework/base/CApplication.php(163): CModule->preloadComponents()
#4 /var/www/apps.geeklifeclub/stream/yii-1.1.14/framework/YiiBase.php(125): CApplication->__construct('/var/www/apps.g...')
#5 /var/www/apps.geeklifeclub/stream/yii-1.1.14/framework/YiiBase.php(98): YiiBase::createApplication('CWebApplication', '/var/www/apps.g...')
#6 /var/www/apps.geeklifeclub/stream/app/index.php(13): YiiBase::createWebApplication('/var/www/apps.g...')
#7 {main}
REQUEST_URI=/
---
2013/09/09 22:42:38 [error] [exception.CException] exception 'CException' with message 'Alias "bootstrap.components.Bootstrap" is invalid. Make sure it points to an existing directory or file.' in /var/www/apps.geeklifeclub/stream/yii-1.1.14/framework/YiiBase.php:347
Stack trace:
#0 /var/www/apps.geeklifeclub/stream/yii-1.1.14/framework/YiiBase.php(196): YiiBase::import('bootstrap.compo...', true)
#1 /var/www/apps.geeklifeclub/stream/yii-1.1.14/framework/base/CModule.php(386): YiiBase::createComponent(Array)
#2 /var/www/apps.geeklifeclub/stream/yii-1.1.14/framework/base/CModule.php(523): CModule->getComponent('bootstrap')
#3 /var/www/apps.geeklifeclub/stream/yii-1.1.14/framework/base/CApplication.php(163): CModule->preloadComponents()
#4 /var/www/apps.geeklifeclub/stream/yii-1.1.14/framework/YiiBase.php(125): CApplication->__construct('/var/www/apps.g...')
#5 /var/www/apps.geeklifeclub/stream/yii-1.1.14/framework/YiiBase.php(98): YiiBase::createApplication('CWebApplication', '/var/www/apps.g...')
#6 /var/www/apps.geeklifeclub/stream/app/index.php(13): YiiBase::createWebApplication('/var/www/apps.g...')
#7 {main}
REQUEST_URI=/
---
2013/09/09 22:50:56 [error] [exception.CException] exception 'CException' with message 'The asset "/var/www/apps.geeklifeclub/stream/app/protected/assets" to be published does not exist.' in /var/www/apps.geeklifeclub/stream/yii-1.1.14/framework/web/CAssetManager.php:257
Stack trace:
#0 /var/www/apps.geeklifeclub/stream/app/protected/components/Controller.php(41): CAssetManager->publish('/var/www/apps.g...', false, -1, true)
#1 /var/www/apps.geeklifeclub/stream/yii-1.1.14/framework/base/CComponent.php(111): Controller->getAssetsBase()
#2 /var/www/apps.geeklifeclub/stream/app/protected/components/Controller.php(27): CComponent->__get('assetsBase')
#3 /var/www/apps.geeklifeclub/stream/yii-1.1.14/framework/web/CWebApplication.php(281): Controller->init()
#4 /var/www/apps.geeklifeclub/stream/yii-1.1.14/framework/web/CWebApplication.php(141): CWebApplication->runController('')
#5 /var/www/apps.geeklifeclub/stream/yii-1.1.14/framework/base/CApplication.php(180): CWebApplication->processRequest()
#6 /var/www/apps.geeklifeclub/stream/app/index.php(13): CApplication->run()
#7 {main}
REQUEST_URI=/
---
2013/09/09 22:52:21 [error] [exception.CException] exception 'CException' with message 'Property "SiteController.layoutRoot" is not defined.' in /var/www/apps.geeklifeclub/stream/yii-1.1.14/framework/base/CComponent.php:173
Stack trace:
#0 /var/www/apps.geeklifeclub/stream/app/protected/components/Controller.php(30): CComponent->__set('layoutRoot', '//')
#1 /var/www/apps.geeklifeclub/stream/yii-1.1.14/framework/web/CWebApplication.php(281): Controller->init()
#2 /var/www/apps.geeklifeclub/stream/yii-1.1.14/framework/web/CWebApplication.php(141): CWebApplication->runController('')
#3 /var/www/apps.geeklifeclub/stream/yii-1.1.14/framework/base/CApplication.php(180): CWebApplication->processRequest()
#4 /var/www/apps.geeklifeclub/stream/app/index.php(13): CApplication->run()
#5 {main}
REQUEST_URI=/
---
2013/09/09 23:30:02 [error] [exception.CDbException] exception 'CDbException' with message 'CDbConnection failed to open the DB connection: SQLSTATE[28000] [1045] Access denied for user 'geek'@'192.168.1.108' (using password: YES)' in /var/www/apps.geeklifeclub/stream/yii-1.1.14/framework/db/CDbConnection.php:382
Stack trace:
#0 /var/www/apps.geeklifeclub/stream/yii-1.1.14/framework/db/CDbConnection.php(330): CDbConnection->open()
#1 /var/www/apps.geeklifeclub/stream/yii-1.1.14/framework/db/CDbConnection.php(308): CDbConnection->setActive(true)
#2 /var/www/apps.geeklifeclub/stream/yii-1.1.14/framework/base/CModule.php(387): CDbConnection->init()
#3 /var/www/apps.geeklifeclub/stream/yii-1.1.14/framework/base/CModule.php(103): CModule->getComponent('db')
#4 /var/www/apps.geeklifeclub/stream/yii-1.1.14/framework/gii/generators/crud/CrudCode.php(44): CModule->__get('db')
#5 /var/www/apps.geeklifeclub/stream/yii-1.1.14/framework/web/CFormModel.php(39): CrudCode->init()
#6 /var/www/apps.geeklifeclub/stream/yii-1.1.14/framework/gii/CCodeGenerator.php(153): CFormModel->__construct()
#7 /var/www/apps.geeklifeclub/stream/yii-1.1.14/framework/gii/CCodeGenerator.php(63): CCodeGenerator->prepare()
#8 /var/www/apps.geeklifeclub/stream/yii-1.1.14/framework/web/actions/CInlineAction.php(49): CCodeGenerator->actionIndex()
#9 /var/www/apps.geeklifeclub/stream/yii-1.1.14/framework/web/CController.php(308): CInlineAction->runWithParams(Array)
#10 /var/www/apps.geeklifeclub/stream/yii-1.1.14/framework/web/CController.php(286): CController->runAction(Object(CInlineAction))
#11 /var/www/apps.geeklifeclub/stream/yii-1.1.14/framework/web/CController.php(265): CController->runActionWithFilters(Object(CInlineAction), Array)
#12 /var/www/apps.geeklifeclub/stream/yii-1.1.14/framework/web/CWebApplication.php(282): CController->run('index')
#13 /var/www/apps.geeklifeclub/stream/yii-1.1.14/framework/web/CWebApplication.php(141): CWebApplication->runController('gii/bootstrap/i...')
#14 /var/www/apps.geeklifeclub/stream/yii-1.1.14/framework/base/CApplication.php(180): CWebApplication->processRequest()
#15 /var/www/apps.geeklifeclub/stream/app/index.php(13): CApplication->run()
#16 {main}
REQUEST_URI=/gii/bootstrap/index
HTTP_REFERER=http://local.stream.geeklifeclub.com.br/gii/default/index
---
2013/09/09 23:30:53 [error] [exception.CDbException] exception 'CDbException' with message 'CDbConnection failed to open the DB connection: SQLSTATE[28000] [1045] Access denied for user 'root'@'192.168.1.108' (using password: YES)' in /var/www/apps.geeklifeclub/stream/yii-1.1.14/framework/db/CDbConnection.php:382
Stack trace:
#0 /var/www/apps.geeklifeclub/stream/yii-1.1.14/framework/db/CDbConnection.php(330): CDbConnection->open()
#1 /var/www/apps.geeklifeclub/stream/yii-1.1.14/framework/db/CDbConnection.php(308): CDbConnection->setActive(true)
#2 /var/www/apps.geeklifeclub/stream/yii-1.1.14/framework/base/CModule.php(387): CDbConnection->init()
#3 /var/www/apps.geeklifeclub/stream/yii-1.1.14/framework/base/CModule.php(103): CModule->getComponent('db')
#4 /var/www/apps.geeklifeclub/stream/yii-1.1.14/framework/gii/generators/model/ModelCode.php(60): CModule->__get('db')
#5 /var/www/apps.geeklifeclub/stream/yii-1.1.14/framework/web/CFormModel.php(39): ModelCode->init()
#6 /var/www/apps.geeklifeclub/stream/yii-1.1.14/framework/gii/CCodeGenerator.php(153): CFormModel->__construct()
#7 /var/www/apps.geeklifeclub/stream/yii-1.1.14/framework/gii/CCodeGenerator.php(63): CCodeGenerator->prepare()
#8 /var/www/apps.geeklifeclub/stream/yii-1.1.14/framework/web/actions/CInlineAction.php(49): CCodeGenerator->actionIndex()
#9 /var/www/apps.geeklifeclub/stream/yii-1.1.14/framework/web/CController.php(308): CInlineAction->runWithParams(Array)
#10 /var/www/apps.geeklifeclub/stream/yii-1.1.14/framework/web/CController.php(286): CController->runAction(Object(CInlineAction))
#11 /var/www/apps.geeklifeclub/stream/yii-1.1.14/framework/web/CController.php(265): CController->runActionWithFilters(Object(CInlineAction), Array)
#12 /var/www/apps.geeklifeclub/stream/yii-1.1.14/framework/web/CWebApplication.php(282): CController->run('index')
#13 /var/www/apps.geeklifeclub/stream/yii-1.1.14/framework/web/CWebApplication.php(141): CWebApplication->runController('gii/model/index')
#14 /var/www/apps.geeklifeclub/stream/yii-1.1.14/framework/base/CApplication.php(180): CWebApplication->processRequest()
#15 /var/www/apps.geeklifeclub/stream/app/index.php(13): CApplication->run()
#16 {main}
REQUEST_URI=/gii/model/index
HTTP_REFERER=http://local.stream.geeklifeclub.com.br/gii/module/index
---
2013/09/09 23:31:27 [error] [exception.CDbException] exception 'CDbException' with message 'CDbConnection failed to open the DB connection: SQLSTATE[28000] [1045] Access denied for user 'root'@'192.168.1.108' (using password: YES)' in /var/www/apps.geeklifeclub/stream/yii-1.1.14/framework/db/CDbConnection.php:382
Stack trace:
#0 /var/www/apps.geeklifeclub/stream/yii-1.1.14/framework/db/CDbConnection.php(330): CDbConnection->open()
#1 /var/www/apps.geeklifeclub/stream/yii-1.1.14/framework/db/CDbConnection.php(308): CDbConnection->setActive(true)
#2 /var/www/apps.geeklifeclub/stream/yii-1.1.14/framework/base/CModule.php(387): CDbConnection->init()
#3 /var/www/apps.geeklifeclub/stream/yii-1.1.14/framework/base/CModule.php(103): CModule->getComponent('db')
#4 /var/www/apps.geeklifeclub/stream/yii-1.1.14/framework/gii/generators/model/ModelCode.php(60): CModule->__get('db')
#5 /var/www/apps.geeklifeclub/stream/yii-1.1.14/framework/web/CFormModel.php(39): ModelCode->init()
#6 /var/www/apps.geeklifeclub/stream/yii-1.1.14/framework/gii/CCodeGenerator.php(153): CFormModel->__construct()
#7 /var/www/apps.geeklifeclub/stream/yii-1.1.14/framework/gii/CCodeGenerator.php(63): CCodeGenerator->prepare()
#8 /var/www/apps.geeklifeclub/stream/yii-1.1.14/framework/web/actions/CInlineAction.php(49): CCodeGenerator->actionIndex()
#9 /var/www/apps.geeklifeclub/stream/yii-1.1.14/framework/web/CController.php(308): CInlineAction->runWithParams(Array)
#10 /var/www/apps.geeklifeclub/stream/yii-1.1.14/framework/web/CController.php(286): CController->runAction(Object(CInlineAction))
#11 /var/www/apps.geeklifeclub/stream/yii-1.1.14/framework/web/CController.php(265): CController->runActionWithFilters(Object(CInlineAction), Array)
#12 /var/www/apps.geeklifeclub/stream/yii-1.1.14/framework/web/CWebApplication.php(282): CController->run('index')
#13 /var/www/apps.geeklifeclub/stream/yii-1.1.14/framework/web/CWebApplication.php(141): CWebApplication->runController('gii/model/index')
#14 /var/www/apps.geeklifeclub/stream/yii-1.1.14/framework/base/CApplication.php(180): CWebApplication->processRequest()
#15 /var/www/apps.geeklifeclub/stream/app/index.php(13): CApplication->run()
#16 {main}
REQUEST_URI=/gii/model/index
HTTP_REFERER=http://local.stream.geeklifeclub.com.br/gii/module/index
---
2013/09/09 23:31:55 [error] [exception.CDbException] exception 'CDbException' with message 'CDbConnection failed to open the DB connection: SQLSTATE[28000] [1045] Access denied for user 'root'@'192.168.1.108' (using password: YES)' in /var/www/apps.geeklifeclub/stream/yii-1.1.14/framework/db/CDbConnection.php:382
Stack trace:
#0 /var/www/apps.geeklifeclub/stream/yii-1.1.14/framework/db/CDbConnection.php(330): CDbConnection->open()
#1 /var/www/apps.geeklifeclub/stream/yii-1.1.14/framework/db/CDbConnection.php(308): CDbConnection->setActive(true)
#2 /var/www/apps.geeklifeclub/stream/yii-1.1.14/framework/base/CModule.php(387): CDbConnection->init()
#3 /var/www/apps.geeklifeclub/stream/yii-1.1.14/framework/base/CModule.php(103): CModule->getComponent('db')
#4 /var/www/apps.geeklifeclub/stream/yii-1.1.14/framework/gii/generators/model/ModelCode.php(60): CModule->__get('db')
#5 /var/www/apps.geeklifeclub/stream/yii-1.1.14/framework/web/CFormModel.php(39): ModelCode->init()
#6 /var/www/apps.geeklifeclub/stream/yii-1.1.14/framework/gii/CCodeGenerator.php(153): CFormModel->__construct()
#7 /var/www/apps.geeklifeclub/stream/yii-1.1.14/framework/gii/CCodeGenerator.php(63): CCodeGenerator->prepare()
#8 /var/www/apps.geeklifeclub/stream/yii-1.1.14/framework/web/actions/CInlineAction.php(49): CCodeGenerator->actionIndex()
#9 /var/www/apps.geeklifeclub/stream/yii-1.1.14/framework/web/CController.php(308): CInlineAction->runWithParams(Array)
#10 /var/www/apps.geeklifeclub/stream/yii-1.1.14/framework/web/CController.php(286): CController->runAction(Object(CInlineAction))
#11 /var/www/apps.geeklifeclub/stream/yii-1.1.14/framework/web/CController.php(265): CController->runActionWithFilters(Object(CInlineAction), Array)
#12 /var/www/apps.geeklifeclub/stream/yii-1.1.14/framework/web/CWebApplication.php(282): CController->run('index')
#13 /var/www/apps.geeklifeclub/stream/yii-1.1.14/framework/web/CWebApplication.php(141): CWebApplication->runController('gii/model/index')
#14 /var/www/apps.geeklifeclub/stream/yii-1.1.14/framework/base/CApplication.php(180): CWebApplication->processRequest()
#15 /var/www/apps.geeklifeclub/stream/app/index.php(13): CApplication->run()
#16 {main}
REQUEST_URI=/gii/model/index
HTTP_REFERER=http://local.stream.geeklifeclub.com.br/gii/module/index
---
2013/09/09 23:32:16 [error] [exception.CDbException] exception 'CDbException' with message 'CDbConnection failed to open the DB connection: SQLSTATE[28000] [1045] Access denied for user 'geek'@'192.168.1.108' (using password: YES)' in /var/www/apps.geeklifeclub/stream/yii-1.1.14/framework/db/CDbConnection.php:382
Stack trace:
#0 /var/www/apps.geeklifeclub/stream/yii-1.1.14/framework/db/CDbConnection.php(330): CDbConnection->open()
#1 /var/www/apps.geeklifeclub/stream/yii-1.1.14/framework/db/CDbConnection.php(308): CDbConnection->setActive(true)
#2 /var/www/apps.geeklifeclub/stream/yii-1.1.14/framework/base/CModule.php(387): CDbConnection->init()
#3 /var/www/apps.geeklifeclub/stream/yii-1.1.14/framework/base/CModule.php(103): CModule->getComponent('db')
#4 /var/www/apps.geeklifeclub/stream/yii-1.1.14/framework/gii/generators/model/ModelCode.php(60): CModule->__get('db')
#5 /var/www/apps.geeklifeclub/stream/yii-1.1.14/framework/web/CFormModel.php(39): ModelCode->init()
#6 /var/www/apps.geeklifeclub/stream/yii-1.1.14/framework/gii/CCodeGenerator.php(153): CFormModel->__construct()
#7 /var/www/apps.geeklifeclub/stream/yii-1.1.14/framework/gii/CCodeGenerator.php(63): CCodeGenerator->prepare()
#8 /var/www/apps.geeklifeclub/stream/yii-1.1.14/framework/web/actions/CInlineAction.php(49): CCodeGenerator->actionIndex()
#9 /var/www/apps.geeklifeclub/stream/yii-1.1.14/framework/web/CController.php(308): CInlineAction->runWithParams(Array)
#10 /var/www/apps.geeklifeclub/stream/yii-1.1.14/framework/web/CController.php(286): CController->runAction(Object(CInlineAction))
#11 /var/www/apps.geeklifeclub/stream/yii-1.1.14/framework/web/CController.php(265): CController->runActionWithFilters(Object(CInlineAction), Array)
#12 /var/www/apps.geeklifeclub/stream/yii-1.1.14/framework/web/CWebApplication.php(282): CController->run('index')
#13 /var/www/apps.geeklifeclub/stream/yii-1.1.14/framework/web/CWebApplication.php(141): CWebApplication->runController('gii/model/index')
#14 /var/www/apps.geeklifeclub/stream/yii-1.1.14/framework/base/CApplication.php(180): CWebApplication->processRequest()
#15 /var/www/apps.geeklifeclub/stream/app/index.php(13): CApplication->run()
#16 {main}
REQUEST_URI=/gii/model/index
HTTP_REFERER=http://local.stream.geeklifeclub.com.br/gii/module/index
---
2013/09/09 23:32:58 [error] [exception.CDbException] exception 'CDbException' with message 'CDbConnection failed to open the DB connection: SQLSTATE[42000] [1044] Access denied for user 'geeklifeclub'@'%' to database 'apps.geeklifeclub'' in /var/www/apps.geeklifeclub/stream/yii-1.1.14/framework/db/CDbConnection.php:382
Stack trace:
#0 /var/www/apps.geeklifeclub/stream/yii-1.1.14/framework/db/CDbConnection.php(330): CDbConnection->open()
#1 /var/www/apps.geeklifeclub/stream/yii-1.1.14/framework/db/CDbConnection.php(308): CDbConnection->setActive(true)
#2 /var/www/apps.geeklifeclub/stream/yii-1.1.14/framework/base/CModule.php(387): CDbConnection->init()
#3 /var/www/apps.geeklifeclub/stream/yii-1.1.14/framework/base/CModule.php(103): CModule->getComponent('db')
#4 /var/www/apps.geeklifeclub/stream/yii-1.1.14/framework/gii/generators/model/ModelCode.php(60): CModule->__get('db')
#5 /var/www/apps.geeklifeclub/stream/yii-1.1.14/framework/web/CFormModel.php(39): ModelCode->init()
#6 /var/www/apps.geeklifeclub/stream/yii-1.1.14/framework/gii/CCodeGenerator.php(153): CFormModel->__construct()
#7 /var/www/apps.geeklifeclub/stream/yii-1.1.14/framework/gii/CCodeGenerator.php(63): CCodeGenerator->prepare()
#8 /var/www/apps.geeklifeclub/stream/yii-1.1.14/framework/web/actions/CInlineAction.php(49): CCodeGenerator->actionIndex()
#9 /var/www/apps.geeklifeclub/stream/yii-1.1.14/framework/web/CController.php(308): CInlineAction->runWithParams(Array)
#10 /var/www/apps.geeklifeclub/stream/yii-1.1.14/framework/web/CController.php(286): CController->runAction(Object(CInlineAction))
#11 /var/www/apps.geeklifeclub/stream/yii-1.1.14/framework/web/CController.php(265): CController->runActionWithFilters(Object(CInlineAction), Array)
#12 /var/www/apps.geeklifeclub/stream/yii-1.1.14/framework/web/CWebApplication.php(282): CController->run('index')
#13 /var/www/apps.geeklifeclub/stream/yii-1.1.14/framework/web/CWebApplication.php(141): CWebApplication->runController('gii/model/index')
#14 /var/www/apps.geeklifeclub/stream/yii-1.1.14/framework/base/CApplication.php(180): CWebApplication->processRequest()
#15 /var/www/apps.geeklifeclub/stream/app/index.php(13): CApplication->run()
#16 {main}
REQUEST_URI=/gii/model/index
HTTP_REFERER=http://local.stream.geeklifeclub.com.br/gii/module/index
---
2013/09/09 23:46:16 [warning] [application] Failed to set unsafe attribute "updateTime" of "Stream".
in /var/www/apps.geeklifeclub/stream/app/protected/controllers/StreamController.php (71)
in /var/www/apps.geeklifeclub/stream/app/index.php (13)
2013/09/09 23:47:28 [warning] [application] Failed to set unsafe attribute "updateTime" of "Players".
in /var/www/apps.geeklifeclub/stream/app/protected/controllers/PlayersController.php (71)
in /var/www/apps.geeklifeclub/stream/app/index.php (13)
2013/09/09 23:48:23 [warning] [application] Failed to set unsafe attribute "updateTime" of "Streamers".
in /var/www/apps.geeklifeclub/stream/app/protected/controllers/StreamersController.php (71)
in /var/www/apps.geeklifeclub/stream/app/index.php (13)
2013/09/09 23:55:48 [error] [exception.CHttpException.404] exception 'CHttpException' with message 'Unable to resolve the request "streamer/rtancman".' in /var/www/apps.geeklifeclub/stream/yii-1.1.14/framework/web/CWebApplication.php:286
Stack trace:
#0 /var/www/apps.geeklifeclub/stream/yii-1.1.14/framework/web/CWebApplication.php(141): CWebApplication->runController('streamer/rtancm...')
#1 /var/www/apps.geeklifeclub/stream/yii-1.1.14/framework/base/CApplication.php(180): CWebApplication->processRequest()
#2 /var/www/apps.geeklifeclub/stream/app/index.php(13): CApplication->run()
#3 {main}
REQUEST_URI=/streamer/rtancman
---
2013/09/09 23:56:07 [error] [exception.CHttpException.404] exception 'CHttpException' with message 'Unable to resolve the request "streamer/rtancman".' in /var/www/apps.geeklifeclub/stream/yii-1.1.14/framework/web/CWebApplication.php:286
Stack trace:
#0 /var/www/apps.geeklifeclub/stream/yii-1.1.14/framework/web/CWebApplication.php(141): CWebApplication->runController('streamer/rtancm...')
#1 /var/www/apps.geeklifeclub/stream/yii-1.1.14/framework/base/CApplication.php(180): CWebApplication->processRequest()
#2 /var/www/apps.geeklifeclub/stream/app/index.php(13): CApplication->run()
#3 {main}
REQUEST_URI=/streamer/rtancman
---
2013/09/09 23:56:40 [error] [exception.CHttpException.404] exception 'CHttpException' with message 'Unable to resolve the request "streamer/rtancman".' in /var/www/apps.geeklifeclub/stream/yii-1.1.14/framework/web/CWebApplication.php:286
Stack trace:
#0 /var/www/apps.geeklifeclub/stream/yii-1.1.14/framework/web/CWebApplication.php(141): CWebApplication->runController('streamer/rtancm...')
#1 /var/www/apps.geeklifeclub/stream/yii-1.1.14/framework/base/CApplication.php(180): CWebApplication->processRequest()
#2 /var/www/apps.geeklifeclub/stream/app/index.php(13): CApplication->run()
#3 {main}
REQUEST_URI=/streamer/rtancman
---
2013/09/10 01:25:20 [error] [exception.CHttpException.404] exception 'CHttpException' with message 'Unable to resolve the request "streamer/rtancman".' in /var/www/apps.geeklifeclub/stream/yii-1.1.14/framework/web/CWebApplication.php:286
Stack trace:
#0 /var/www/apps.geeklifeclub/stream/yii-1.1.14/framework/web/CWebApplication.php(141): CWebApplication->runController('streamer/rtancm...')
#1 /var/www/apps.geeklifeclub/stream/yii-1.1.14/framework/base/CApplication.php(180): CWebApplication->processRequest()
#2 /var/www/apps.geeklifeclub/stream/app/index.php(13): CApplication->run()
#3 {main}
REQUEST_URI=/streamer/rtancman
---
2013/09/10 01:37:30 [error] [php] Trying to get property of non-object (/var/www/apps.geeklifeclub/stream/app/protected/views/streamers/streaming.php:5)
Stack trace:
#0 /var/www/apps.geeklifeclub/stream/yii-1.1.14/framework/web/CController.php(869): StreamersController->renderFile()
#1 /var/www/apps.geeklifeclub/stream/yii-1.1.14/framework/web/CController.php(782): StreamersController->renderPartial()
#2 /var/www/apps.geeklifeclub/stream/app/protected/controllers/StreamersController.php(67): StreamersController->render()
#3 unknown(0): StreamersController->actionStreaming()
#4 /var/www/apps.geeklifeclub/stream/yii-1.1.14/framework/web/actions/CAction.php(108): ReflectionMethod->invokeArgs()
#5 /var/www/apps.geeklifeclub/stream/yii-1.1.14/framework/web/actions/CInlineAction.php(47): CInlineAction->runWithParamsInternal()
#6 /var/www/apps.geeklifeclub/stream/yii-1.1.14/framework/web/CController.php(308): CInlineAction->runWithParams()
#7 /var/www/apps.geeklifeclub/stream/yii-1.1.14/framework/web/filters/CFilterChain.php(133): StreamersController->runAction()
#8 /var/www/apps.geeklifeclub/stream/yii-1.1.14/framework/web/filters/CFilter.php(40): CFilterChain->run()
#9 /var/www/apps.geeklifeclub/stream/yii-1.1.14/framework/web/CController.php(1145): CAccessControlFilter->filter()
#10 /var/www/apps.geeklifeclub/stream/yii-1.1.14/framework/web/filters/CInlineFilter.php(58): StreamersController->filterAccessControl()
#11 /var/www/apps.geeklifeclub/stream/yii-1.1.14/framework/web/filters/CFilterChain.php(130): CInlineFilter->filter()
#12 /var/www/apps.geeklifeclub/stream/yii-1.1.14/framework/web/CController.php(291): CFilterChain->run()
#13 /var/www/apps.geeklifeclub/stream/yii-1.1.14/framework/web/CController.php(265): StreamersController->runActionWithFilters()
#14 /var/www/apps.geeklifeclub/stream/yii-1.1.14/framework/web/CWebApplication.php(282): StreamersController->run()
#15 /var/www/apps.geeklifeclub/stream/yii-1.1.14/framework/web/CWebApplication.php(141): CWebApplication->runController()
#16 /var/www/apps.geeklifeclub/stream/yii-1.1.14/framework/base/CApplication.php(180): CWebApplication->processRequest()
#17 /var/www/apps.geeklifeclub/stream/app/index.php(13): CWebApplication->run()
REQUEST_URI=/streamers/create
in /var/www/apps.geeklifeclub/stream/app/protected/views/streamers/streaming.php (5)
in /var/www/apps.geeklifeclub/stream/app/protected/controllers/StreamersController.php (67)
in /var/www/apps.geeklifeclub/stream/app/index.php (13)
2013/09/10 01:37:34 [error] [php] Trying to get property of non-object (/var/www/apps.geeklifeclub/stream/app/protected/views/streamers/streaming.php:5)
Stack trace:
#0 /var/www/apps.geeklifeclub/stream/yii-1.1.14/framework/web/CController.php(869): StreamersController->renderFile()
#1 /var/www/apps.geeklifeclub/stream/yii-1.1.14/framework/web/CController.php(782): StreamersController->renderPartial()
#2 /var/www/apps.geeklifeclub/stream/app/protected/controllers/StreamersController.php(67): StreamersController->render()
#3 unknown(0): StreamersController->actionStreaming()
#4 /var/www/apps.geeklifeclub/stream/yii-1.1.14/framework/web/actions/CAction.php(108): ReflectionMethod->invokeArgs()
#5 /var/www/apps.geeklifeclub/stream/yii-1.1.14/framework/web/actions/CInlineAction.php(47): CInlineAction->runWithParamsInternal()
#6 /var/www/apps.geeklifeclub/stream/yii-1.1.14/framework/web/CController.php(308): CInlineAction->runWithParams()
#7 /var/www/apps.geeklifeclub/stream/yii-1.1.14/framework/web/filters/CFilterChain.php(133): StreamersController->runAction()
#8 /var/www/apps.geeklifeclub/stream/yii-1.1.14/framework/web/filters/CFilter.php(40): CFilterChain->run()
#9 /var/www/apps.geeklifeclub/stream/yii-1.1.14/framework/web/CController.php(1145): CAccessControlFilter->filter()
#10 /var/www/apps.geeklifeclub/stream/yii-1.1.14/framework/web/filters/CInlineFilter.php(58): StreamersController->filterAccessControl()
#11 /var/www/apps.geeklifeclub/stream/yii-1.1.14/framework/web/filters/CFilterChain.php(130): CInlineFilter->filter()
#12 /var/www/apps.geeklifeclub/stream/yii-1.1.14/framework/web/CController.php(291): CFilterChain->run()
#13 /var/www/apps.geeklifeclub/stream/yii-1.1.14/framework/web/CController.php(265): StreamersController->runActionWithFilters()
#14 /var/www/apps.geeklifeclub/stream/yii-1.1.14/framework/web/CWebApplication.php(282): StreamersController->run()
#15 /var/www/apps.geeklifeclub/stream/yii-1.1.14/framework/web/CWebApplication.php(141): CWebApplication->runController()
#16 /var/www/apps.geeklifeclub/stream/yii-1.1.14/framework/base/CApplication.php(180): CWebApplication->processRequest()
#17 /var/www/apps.geeklifeclub/stream/app/index.php(13): CWebApplication->run()
REQUEST_URI=/streamers/admin
in /var/www/apps.geeklifeclub/stream/app/protected/views/streamers/streaming.php (5)
in /var/www/apps.geeklifeclub/stream/app/protected/controllers/StreamersController.php (67)
in /var/www/apps.geeklifeclub/stream/app/index.php (13)
2013/09/10 01:40:04 [warning] [application] Failed to set unsafe attribute "updateTime" of "Streamers".
in /var/www/apps.geeklifeclub/stream/app/protected/controllers/StreamersController.php (107)
in /var/www/apps.geeklifeclub/stream/app/index.php (13)
2013/09/10 01:40:27 [error] [exception.CHttpException.404] exception 'CHttpException' with message 'The system is unable to find the requested action "rtancman_lol".' in /var/www/apps.geeklifeclub/stream/yii-1.1.14/framework/web/CController.php:483
Stack trace:
#0 /var/www/apps.geeklifeclub/stream/yii-1.1.14/framework/web/CController.php(270): CController->missingAction('rtancman_lol')
#1 /var/www/apps.geeklifeclub/stream/yii-1.1.14/framework/web/CWebApplication.php(282): CController->run('rtancman_lol')
#2 /var/www/apps.geeklifeclub/stream/yii-1.1.14/framework/web/CWebApplication.php(141): CWebApplication->runController('streamers/rtanc...')
#3 /var/www/apps.geeklifeclub/stream/yii-1.1.14/framework/base/CApplication.php(180): CWebApplication->processRequest()
#4 /var/www/apps.geeklifeclub/stream/app/index.php(13): CApplication->run()
#5 {main}
REQUEST_URI=/streamers/rtancman_lol
---
